<?xml version="1.0" encoding="UTF-8"?>
<testsuite xmlns:xsi="http://www.w3.org/2001/XMLSchema-instance" xsi:noNamespaceSchemaLocation="https://maven.apache.org/surefire/maven-surefire-plugin/xsd/surefire-test-report.xsd" name="org.jee8ng.users.boundary.UsersServiceTest" time="14.821" tests="2" errors="0" skipped="0" failures="0">
  <properties>
    <property name="gopherProxySet" value="false"/>
    <property name="awt.toolkit" value="sun.lwawt.macosx.LWCToolkit"/>
    <property name="file.encoding.pkg" value="sun.io"/>
    <property name="java.specification.version" value="1.8"/>
    <property name="arquillian.launch" value="glassfish-embedded"/>
    <property name="sun.cpu.isalist" value=""/>
    <property name="sun.jnu.encoding" value="UTF-8"/>
    <property name="java.class.path" value="/Users/hien/Desktop/Java-EE-8-and-Angular-master 2/Chapter07/putting-together-ims/ims-users/target/test-classes:/Users/hien/Desktop/Java-EE-8-and-Angular-master 2/Chapter07/putting-together-ims/ims-users/target/classes:/Users/hien/.m2/repository/org/jee8ng/ims-security/1.0.0-SNAPSHOT/ims-security-1.0.0-SNAPSHOT.jar:/Users/hien/.m2/repository/io/jsonwebtoken/jjwt/0.9.0/jjwt-0.9.0.jar:/Users/hien/.m2/repository/com/fasterxml/jackson/core/jackson-databind/2.8.9/jackson-databind-2.8.9.jar:/Users/hien/.m2/repository/com/fasterxml/jackson/core/jackson-annotations/2.8.0/jackson-annotations-2.8.0.jar:/Users/hien/.m2/repository/com/fasterxml/jackson/core/jackson-core/2.8.9/jackson-core-2.8.9.jar:/Users/hien/.m2/repository/javax/javaee-api/8.0/javaee-api-8.0.jar:/Users/hien/.m2/repository/com/sun/mail/javax.mail/1.6.0/javax.mail-1.6.0.jar:/Users/hien/.m2/repository/javax/activation/activation/1.1/activation-1.1.jar:/Users/hien/.m2/repository/io/swagger/swagger-annotations/1.5.16/swagger-annotations-1.5.16.jar:/Users/hien/.m2/repository/com/h2database/h2/1.4.195/h2-1.4.195.jar:/Users/hien/.m2/repository/fish/payara/extras/payara-embedded-all/5.0.0.Alpha3/payara-embedded-all-5.0.0.Alpha3.jar:/Users/hien/.m2/repository/org/jboss/arquillian/junit/arquillian-junit-container/1.1.15.Final/arquillian-junit-container-1.1.15.Final.jar:/Users/hien/.m2/repository/org/jboss/arquillian/junit/arquillian-junit-core/1.1.15.Final/arquillian-junit-core-1.1.15.Final.jar:/Users/hien/.m2/repository/org/jboss/arquillian/test/arquillian-test-api/1.1.15.Final/arquillian-test-api-1.1.15.Final.jar:/Users/hien/.m2/repository/org/jboss/arquillian/core/arquillian-core-api/1.1.15.Final/arquillian-core-api-1.1.15.Final.jar:/Users/hien/.m2/repository/org/jboss/arquillian/test/arquillian-test-spi/1.1.15.Final/arquillian-test-spi-1.1.15.Final.jar:/Users/hien/.m2/repository/org/jboss/arquillian/core/arquillian-core-spi/1.1.15.Final/arquillian-core-spi-1.1.15.Final.jar:/Users/hien/.m2/repository/org/jboss/arquillian/container/arquillian-container-test-api/1.1.15.Final/arquillian-container-test-api-1.1.15.Final.jar:/Users/hien/.m2/repository/org/jboss/shrinkwrap/shrinkwrap-api/1.2.6/shrinkwrap-api-1.2.6.jar:/Users/hien/.m2/repository/org/jboss/arquillian/container/arquillian-container-test-spi/1.1.15.Final/arquillian-container-test-spi-1.1.15.Final.jar:/Users/hien/.m2/repository/org/jboss/arquillian/core/arquillian-core-impl-base/1.1.15.Final/arquillian-core-impl-base-1.1.15.Final.jar:/Users/hien/.m2/repository/org/jboss/arquillian/test/arquillian-test-impl-base/1.1.15.Final/arquillian-test-impl-base-1.1.15.Final.jar:/Users/hien/.m2/repository/org/jboss/arquillian/container/arquillian-container-impl-base/1.1.15.Final/arquillian-container-impl-base-1.1.15.Final.jar:/Users/hien/.m2/repository/org/jboss/arquillian/config/arquillian-config-api/1.1.15.Final/arquillian-config-api-1.1.15.Final.jar:/Users/hien/.m2/repository/org/jboss/arquillian/config/arquillian-config-impl-base/1.1.15.Final/arquillian-config-impl-base-1.1.15.Final.jar:/Users/hien/.m2/repository/org/jboss/shrinkwrap/descriptors/shrinkwrap-descriptors-spi/2.0.0/shrinkwrap-descriptors-spi-2.0.0.jar:/Users/hien/.m2/repository/org/jboss/arquillian/container/arquillian-container-test-impl-base/1.1.15.Final/arquillian-container-test-impl-base-1.1.15.Final.jar:/Users/hien/.m2/repository/org/jboss/shrinkwrap/shrinkwrap-impl-base/1.2.6/shrinkwrap-impl-base-1.2.6.jar:/Users/hien/.m2/repository/org/jboss/shrinkwrap/shrinkwrap-spi/1.2.6/shrinkwrap-spi-1.2.6.jar:/Users/hien/.m2/repository/fish/payara/arquillian/arquillian-payara-server-4-embedded/1.0.Beta2/arquillian-payara-server-4-embedded-1.0.Beta2.jar:/Users/hien/.m2/repository/org/jboss/arquillian/container/arquillian-container-spi/1.1.15.Final/arquillian-container-spi-1.1.15.Final.jar:/Users/hien/.m2/repository/org/jboss/shrinkwrap/descriptors/shrinkwrap-descriptors-api-base/2.0.0/shrinkwrap-descriptors-api-base-2.0.0.jar:/Users/hien/.m2/repository/org/jboss/arquillian/protocol/arquillian-protocol-servlet/1.1.15.Final/arquillian-protocol-servlet-1.1.15.Final.jar:/Users/hien/.m2/repository/org/jboss/arquillian/testenricher/arquillian-testenricher-cdi/1.1.15.Final/arquillian-testenricher-cdi-1.1.15.Final.jar:/Users/hien/.m2/repository/org/jboss/arquillian/testenricher/arquillian-testenricher-ejb/1.1.15.Final/arquillian-testenricher-ejb-1.1.15.Final.jar:/Users/hien/.m2/repository/org/jboss/arquillian/testenricher/arquillian-testenricher-resource/1.1.15.Final/arquillian-testenricher-resource-1.1.15.Final.jar:/Users/hien/.m2/repository/org/jboss/arquillian/testenricher/arquillian-testenricher-initialcontext/1.1.15.Final/arquillian-testenricher-initialcontext-1.1.15.Final.jar:/Users/hien/.m2/repository/io/rest-assured/rest-assured/3.0.6/rest-assured-3.0.6.jar:/Users/hien/.m2/repository/org/codehaus/groovy/groovy/2.4.12/groovy-2.4.12.jar:/Users/hien/.m2/repository/org/codehaus/groovy/groovy-xml/2.4.12/groovy-xml-2.4.12.jar:/Users/hien/.m2/repository/org/apache/httpcomponents/httpclient/4.5.3/httpclient-4.5.3.jar:/Users/hien/.m2/repository/org/apache/httpcomponents/httpcore/4.4.6/httpcore-4.4.6.jar:/Users/hien/.m2/repository/commons-logging/commons-logging/1.2/commons-logging-1.2.jar:/Users/hien/.m2/repository/commons-codec/commons-codec/1.9/commons-codec-1.9.jar:/Users/hien/.m2/repository/org/apache/httpcomponents/httpmime/4.5.1/httpmime-4.5.1.jar:/Users/hien/.m2/repository/org/hamcrest/hamcrest-core/1.3/hamcrest-core-1.3.jar:/Users/hien/.m2/repository/org/hamcrest/hamcrest-library/1.3/hamcrest-library-1.3.jar:/Users/hien/.m2/repository/org/ccil/cowan/tagsoup/tagsoup/1.2.1/tagsoup-1.2.1.jar:/Users/hien/.m2/repository/io/rest-assured/xml-path/3.0.6/xml-path-3.0.6.jar:/Users/hien/.m2/repository/org/apache/commons/commons-lang3/3.4/commons-lang3-3.4.jar:/Users/hien/.m2/repository/javax/xml/bind/jaxb-api/2.2.12/jaxb-api-2.2.12.jar:/Users/hien/.m2/repository/io/rest-assured/json-path/3.0.6/json-path-3.0.6.jar:/Users/hien/.m2/repository/org/codehaus/groovy/groovy-json/2.4.12/groovy-json-2.4.12.jar:/Users/hien/.m2/repository/io/rest-assured/rest-assured-common/3.0.6/rest-assured-common-3.0.6.jar:/Users/hien/.m2/repository/junit/junit/4.12/junit-4.12.jar:"/>
    <property name="java.vm.vendor" value="Oracle Corporation"/>
    <property name="sun.arch.data.model" value="64"/>
    <property name="java.vendor.url" value="http://java.oracle.com/"/>
    <property name="user.timezone" value=""/>
    <property name="java.vm.specification.version" value="1.8"/>
    <property name="os.name" value="Mac OS X"/>
    <property name="user.country" value="US"/>
    <property name="sun.java.launcher" value="SUN_STANDARD"/>
    <property name="sun.boot.library.path" value="/Library/Java/JavaVirtualMachines/jdk1.8.0_191.jdk/Contents/Home/jre/lib"/>
    <property name="sun.java.command" value="/Users/hien/Desktop/Java-EE-8-and-Angular-master 2/Chapter07/putting-together-ims/ims-users/target/surefire/surefirebooter8836208505759212031.jar /Users/hien/Desktop/Java-EE-8-and-Angular-master 2/Chapter07/putting-together-ims/ims-users/target/surefire 2019-02-12T15-20-37_728-jvmRun1 surefire2820611589632884559tmp surefire_03760834507593439424tmp"/>
    <property name="http.nonProxyHosts" value="local|*.local|169.254/16|*.169.254/16"/>
    <property name="surefire.test.class.path" value="/Users/hien/Desktop/Java-EE-8-and-Angular-master 2/Chapter07/putting-together-ims/ims-users/target/test-classes:/Users/hien/Desktop/Java-EE-8-and-Angular-master 2/Chapter07/putting-together-ims/ims-users/target/classes:/Users/hien/.m2/repository/org/jee8ng/ims-security/1.0.0-SNAPSHOT/ims-security-1.0.0-SNAPSHOT.jar:/Users/hien/.m2/repository/io/jsonwebtoken/jjwt/0.9.0/jjwt-0.9.0.jar:/Users/hien/.m2/repository/com/fasterxml/jackson/core/jackson-databind/2.8.9/jackson-databind-2.8.9.jar:/Users/hien/.m2/repository/com/fasterxml/jackson/core/jackson-annotations/2.8.0/jackson-annotations-2.8.0.jar:/Users/hien/.m2/repository/com/fasterxml/jackson/core/jackson-core/2.8.9/jackson-core-2.8.9.jar:/Users/hien/.m2/repository/javax/javaee-api/8.0/javaee-api-8.0.jar:/Users/hien/.m2/repository/com/sun/mail/javax.mail/1.6.0/javax.mail-1.6.0.jar:/Users/hien/.m2/repository/javax/activation/activation/1.1/activation-1.1.jar:/Users/hien/.m2/repository/io/swagger/swagger-annotations/1.5.16/swagger-annotations-1.5.16.jar:/Users/hien/.m2/repository/com/h2database/h2/1.4.195/h2-1.4.195.jar:/Users/hien/.m2/repository/fish/payara/extras/payara-embedded-all/5.0.0.Alpha3/payara-embedded-all-5.0.0.Alpha3.jar:/Users/hien/.m2/repository/org/jboss/arquillian/junit/arquillian-junit-container/1.1.15.Final/arquillian-junit-container-1.1.15.Final.jar:/Users/hien/.m2/repository/org/jboss/arquillian/junit/arquillian-junit-core/1.1.15.Final/arquillian-junit-core-1.1.15.Final.jar:/Users/hien/.m2/repository/org/jboss/arquillian/test/arquillian-test-api/1.1.15.Final/arquillian-test-api-1.1.15.Final.jar:/Users/hien/.m2/repository/org/jboss/arquillian/core/arquillian-core-api/1.1.15.Final/arquillian-core-api-1.1.15.Final.jar:/Users/hien/.m2/repository/org/jboss/arquillian/test/arquillian-test-spi/1.1.15.Final/arquillian-test-spi-1.1.15.Final.jar:/Users/hien/.m2/repository/org/jboss/arquillian/core/arquillian-core-spi/1.1.15.Final/arquillian-core-spi-1.1.15.Final.jar:/Users/hien/.m2/repository/org/jboss/arquillian/container/arquillian-container-test-api/1.1.15.Final/arquillian-container-test-api-1.1.15.Final.jar:/Users/hien/.m2/repository/org/jboss/shrinkwrap/shrinkwrap-api/1.2.6/shrinkwrap-api-1.2.6.jar:/Users/hien/.m2/repository/org/jboss/arquillian/container/arquillian-container-test-spi/1.1.15.Final/arquillian-container-test-spi-1.1.15.Final.jar:/Users/hien/.m2/repository/org/jboss/arquillian/core/arquillian-core-impl-base/1.1.15.Final/arquillian-core-impl-base-1.1.15.Final.jar:/Users/hien/.m2/repository/org/jboss/arquillian/test/arquillian-test-impl-base/1.1.15.Final/arquillian-test-impl-base-1.1.15.Final.jar:/Users/hien/.m2/repository/org/jboss/arquillian/container/arquillian-container-impl-base/1.1.15.Final/arquillian-container-impl-base-1.1.15.Final.jar:/Users/hien/.m2/repository/org/jboss/arquillian/config/arquillian-config-api/1.1.15.Final/arquillian-config-api-1.1.15.Final.jar:/Users/hien/.m2/repository/org/jboss/arquillian/config/arquillian-config-impl-base/1.1.15.Final/arquillian-config-impl-base-1.1.15.Final.jar:/Users/hien/.m2/repository/org/jboss/shrinkwrap/descriptors/shrinkwrap-descriptors-spi/2.0.0/shrinkwrap-descriptors-spi-2.0.0.jar:/Users/hien/.m2/repository/org/jboss/arquillian/container/arquillian-container-test-impl-base/1.1.15.Final/arquillian-container-test-impl-base-1.1.15.Final.jar:/Users/hien/.m2/repository/org/jboss/shrinkwrap/shrinkwrap-impl-base/1.2.6/shrinkwrap-impl-base-1.2.6.jar:/Users/hien/.m2/repository/org/jboss/shrinkwrap/shrinkwrap-spi/1.2.6/shrinkwrap-spi-1.2.6.jar:/Users/hien/.m2/repository/fish/payara/arquillian/arquillian-payara-server-4-embedded/1.0.Beta2/arquillian-payara-server-4-embedded-1.0.Beta2.jar:/Users/hien/.m2/repository/org/jboss/arquillian/container/arquillian-container-spi/1.1.15.Final/arquillian-container-spi-1.1.15.Final.jar:/Users/hien/.m2/repository/org/jboss/shrinkwrap/descriptors/shrinkwrap-descriptors-api-base/2.0.0/shrinkwrap-descriptors-api-base-2.0.0.jar:/Users/hien/.m2/repository/org/jboss/arquillian/protocol/arquillian-protocol-servlet/1.1.15.Final/arquillian-protocol-servlet-1.1.15.Final.jar:/Users/hien/.m2/repository/org/jboss/arquillian/testenricher/arquillian-testenricher-cdi/1.1.15.Final/arquillian-testenricher-cdi-1.1.15.Final.jar:/Users/hien/.m2/repository/org/jboss/arquillian/testenricher/arquillian-testenricher-ejb/1.1.15.Final/arquillian-testenricher-ejb-1.1.15.Final.jar:/Users/hien/.m2/repository/org/jboss/arquillian/testenricher/arquillian-testenricher-resource/1.1.15.Final/arquillian-testenricher-resource-1.1.15.Final.jar:/Users/hien/.m2/repository/org/jboss/arquillian/testenricher/arquillian-testenricher-initialcontext/1.1.15.Final/arquillian-testenricher-initialcontext-1.1.15.Final.jar:/Users/hien/.m2/repository/io/rest-assured/rest-assured/3.0.6/rest-assured-3.0.6.jar:/Users/hien/.m2/repository/org/codehaus/groovy/groovy/2.4.12/groovy-2.4.12.jar:/Users/hien/.m2/repository/org/codehaus/groovy/groovy-xml/2.4.12/groovy-xml-2.4.12.jar:/Users/hien/.m2/repository/org/apache/httpcomponents/httpclient/4.5.3/httpclient-4.5.3.jar:/Users/hien/.m2/repository/org/apache/httpcomponents/httpcore/4.4.6/httpcore-4.4.6.jar:/Users/hien/.m2/repository/commons-logging/commons-logging/1.2/commons-logging-1.2.jar:/Users/hien/.m2/repository/commons-codec/commons-codec/1.9/commons-codec-1.9.jar:/Users/hien/.m2/repository/org/apache/httpcomponents/httpmime/4.5.1/httpmime-4.5.1.jar:/Users/hien/.m2/repository/org/hamcrest/hamcrest-core/1.3/hamcrest-core-1.3.jar:/Users/hien/.m2/repository/org/hamcrest/hamcrest-library/1.3/hamcrest-library-1.3.jar:/Users/hien/.m2/repository/org/ccil/cowan/tagsoup/tagsoup/1.2.1/tagsoup-1.2.1.jar:/Users/hien/.m2/repository/io/rest-assured/xml-path/3.0.6/xml-path-3.0.6.jar:/Users/hien/.m2/repository/org/apache/commons/commons-lang3/3.4/commons-lang3-3.4.jar:/Users/hien/.m2/repository/javax/xml/bind/jaxb-api/2.2.12/jaxb-api-2.2.12.jar:/Users/hien/.m2/repository/io/rest-assured/json-path/3.0.6/json-path-3.0.6.jar:/Users/hien/.m2/repository/org/codehaus/groovy/groovy-json/2.4.12/groovy-json-2.4.12.jar:/Users/hien/.m2/repository/io/rest-assured/rest-assured-common/3.0.6/rest-assured-common-3.0.6.jar:/Users/hien/.m2/repository/junit/junit/4.12/junit-4.12.jar:"/>
    <property name="sun.cpu.endian" value="little"/>
    <property name="user.home" value="/Users/hien"/>
    <property name="user.language" value="en"/>
    <property name="java.specification.vendor" value="Oracle Corporation"/>
    <property name="java.home" value="/Library/Java/JavaVirtualMachines/jdk1.8.0_191.jdk/Contents/Home/jre"/>
    <property name="basedir" value="/Users/hien/Desktop/Java-EE-8-and-Angular-master 2/Chapter07/putting-together-ims/ims-users"/>
    <property name="file.separator" value="/"/>
    <property name="line.separator" value="&#10;"/>
    <property name="java.vm.specification.vendor" value="Oracle Corporation"/>
    <property name="java.specification.name" value="Java Platform API Specification"/>
    <property name="java.awt.graphicsenv" value="sun.awt.CGraphicsEnvironment"/>
    <property name="surefire.real.class.path" value="/Users/hien/Desktop/Java-EE-8-and-Angular-master 2/Chapter07/putting-together-ims/ims-users/target/surefire/surefirebooter8836208505759212031.jar"/>
    <property name="sun.boot.class.path" value="/Library/Java/JavaVirtualMachines/jdk1.8.0_191.jdk/Contents/Home/jre/lib/resources.jar:/Library/Java/JavaVirtualMachines/jdk1.8.0_191.jdk/Contents/Home/jre/lib/rt.jar:/Library/Java/JavaVirtualMachines/jdk1.8.0_191.jdk/Contents/Home/jre/lib/sunrsasign.jar:/Library/Java/JavaVirtualMachines/jdk1.8.0_191.jdk/Contents/Home/jre/lib/jsse.jar:/Library/Java/JavaVirtualMachines/jdk1.8.0_191.jdk/Contents/Home/jre/lib/jce.jar:/Library/Java/JavaVirtualMachines/jdk1.8.0_191.jdk/Contents/Home/jre/lib/charsets.jar:/Library/Java/JavaVirtualMachines/jdk1.8.0_191.jdk/Contents/Home/jre/lib/jfr.jar:/Library/Java/JavaVirtualMachines/jdk1.8.0_191.jdk/Contents/Home/jre/classes"/>
    <property name="sun.management.compiler" value="HotSpot 64-Bit Tiered Compilers"/>
    <property name="ftp.nonProxyHosts" value="local|*.local|169.254/16|*.169.254/16"/>
    <property name="java.runtime.version" value="1.8.0_191-b12"/>
    <property name="user.name" value="hien"/>
    <property name="path.separator" value=":"/>
    <property name="os.version" value="10.13.6"/>
    <property name="java.endorsed.dirs" value="/Library/Java/JavaVirtualMachines/jdk1.8.0_191.jdk/Contents/Home/jre/lib/endorsed"/>
    <property name="java.runtime.name" value="Java(TM) SE Runtime Environment"/>
    <property name="file.encoding" value="UTF-8"/>
    <property name="java.vm.name" value="Java HotSpot(TM) 64-Bit Server VM"/>
    <property name="localRepository" value="/Users/hien/.m2/repository"/>
    <property name="java.vendor.url.bug" value="http://bugreport.sun.com/bugreport/"/>
    <property name="java.io.tmpdir" value="/var/folders/f3/8rsck_2x6lv3p84fj4r_bz_h0000gn/T/"/>
    <property name="java.version" value="1.8.0_191"/>
    <property name="user.dir" value="/Users/hien/Desktop/Java-EE-8-and-Angular-master 2/Chapter07/putting-together-ims/ims-users"/>
    <property name="os.arch" value="x86_64"/>
    <property name="java.vm.specification.name" value="Java Virtual Machine Specification"/>
    <property name="java.awt.printerjob" value="sun.lwawt.macosx.CPrinterJob"/>
    <property name="sun.os.patch.level" value="unknown"/>
    <property name="java.library.path" value="/Users/hien/Library/Java/Extensions:/Library/Java/Extensions:/Network/Library/Java/Extensions:/System/Library/Java/Extensions:/usr/lib/java:."/>
    <property name="java.vm.info" value="mixed mode"/>
    <property name="java.vendor" value="Oracle Corporation"/>
    <property name="java.vm.version" value="25.191-b12"/>
    <property name="java.ext.dirs" value="/Users/hien/Library/Java/Extensions:/Library/Java/JavaVirtualMachines/jdk1.8.0_191.jdk/Contents/Home/jre/lib/ext:/Library/Java/Extensions:/Network/Library/Java/Extensions:/System/Library/Java/Extensions:/usr/lib/java"/>
    <property name="sun.io.unicode.encoding" value="UnicodeBig"/>
    <property name="java.class.version" value="52.0"/>
    <property name="socksNonProxyHosts" value="local|*.local|169.254/16|*.169.254/16"/>
  </properties>
  <testcase name="testGetUsers" classname="org.jee8ng.users.boundary.UsersServiceTest" time="1.898"/>
  <testcase name="testCreateUser" classname="org.jee8ng.users.boundary.UsersServiceTest" time="0.647"/>
</testsuite>